SF:lib/widgets/inspector.dart
DA:4,0
DA:10,0
DA:11,0
DA:17,0
DA:19,0
DA:20,0
DA:21,0
DA:24,0
DA:27,0
DA:29,0
DA:30,0
DA:33,0
DA:65,8
DA:67,0
DA:68,0
DA:72,0
DA:74,0
DA:75,0
DA:76,0
DA:78,0
DA:79,0
DA:80,0
DA:81,0
DA:83,0
DA:91,8
DA:93,0
DA:94,0
DA:102,0
DA:104,0
DA:105,0
DA:106,0
DA:108,0
DA:109,0
DA:110,0
DA:115,0
DA:116,0
DA:117,0
DA:121,0
DA:122,0
DA:128,0
DA:129,0
DA:130,0
DA:132,0
DA:140,0
DA:142,0
DA:144,0
DA:145,0
DA:147,0
DA:148,0
DA:149,0
DA:152,0
DA:153,0
DA:154,0
DA:155,0
DA:156,0
DA:157,0
DA:162,0
DA:166,0
DA:167,0
DA:168,0
DA:169,0
DA:172,0
DA:173,0
DA:174,0
DA:180,0
DA:181,0
DA:182,0
DA:200,0
DA:201,0
DA:202,0
DA:210,0
DA:211,0
DA:215,0
DA:217,0
DA:218,0
DA:219,0
DA:224,0
DA:225,0
DA:226,0
DA:233,0
DA:234,0
DA:235,0
DA:236,0
DA:244,0
DA:245,0
DA:246,0
DA:249,0
DA:250,0
DA:252,0
DA:253,0
DA:254,0
DA:255,0
DA:258,0
DA:262,0
DA:263,0
DA:264,0
DA:265,0
DA:270,0
DA:271,0
DA:276,0
DA:277,0
DA:291,8
DA:293,0
DA:294,0
DA:301,0
DA:303,0
DA:305,0
DA:306,0
DA:307,0
DA:312,0
DA:313,0
DA:314,0
DA:315,0
DA:323,0
DA:325,0
DA:327,0
DA:328,0
DA:330,0
DA:331,0
DA:332,0
DA:335,0
DA:336,0
DA:337,0
DA:338,0
DA:339,0
DA:340,0
DA:345,0
DA:346,0
DA:348,0
DA:350,0
DA:351,0
DA:352,0
DA:353,0
DA:359,0
DA:360,0
DA:361,0
DA:363,0
DA:364,0
DA:368,0
DA:369,0
DA:377,0
DA:378,0
DA:384,0
DA:386,0
DA:387,0
DA:388,0
DA:397,0
DA:398,0
DA:399,0
DA:400,0
DA:406,0
DA:408,0
DA:409,0
DA:410,0
DA:411,0
DA:412,0
DA:413,0
DA:415,0
DA:421,0
DA:425,0
LF:160
LH:3
end_of_record
SF:lib/utilities/logger.dart
DA:4,0
DA:6,12
DA:17,0
DA:19,12
DA:22,0
DA:25,4
DA:26,12
DA:27,0
DA:30,8
DA:31,8
DA:37,0
DA:38,0
DA:39,0
DA:43,0
DA:44,0
DA:50,4
DA:54,4
DA:95,4
DA:104,0
DA:106,0
DA:107,0
DA:110,0
DA:111,0
DA:112,0
DA:113,0
DA:114,0
DA:117,0
DA:118,0
DA:119,0
DA:120,0
DA:123,0
DA:133,2
DA:146,0
DA:148,0
DA:149,0
DA:151,0
DA:154,0
DA:155,0
DA:156,0
DA:157,0
DA:158,0
DA:161,0
DA:162,0
DA:163,0
DA:164,0
DA:167,0
DA:172,0
LF:47
LH:10
end_of_record
SF:lib/components/feature.dart
DA:8,7
DA:44,2
DA:46,6
DA:47,6
DA:48,6
DA:49,6
DA:50,6
DA:51,4
DA:55,6
DA:56,6
DA:61,14
DA:62,2
DA:63,2
DA:65,8
DA:73,6
DA:76,6
DA:77,12
DA:84,5
DA:87,10
DA:88,5
DA:96,5
DA:100,5
DA:101,2
DA:102,5
DA:103,2
DA:104,5
DA:105,2
DA:106,5
DA:107,2
DA:108,5
DA:109,4
DA:110,8
DA:112,4
DA:113,8
DA:114,16
DA:118,5
DA:125,3
DA:128,6
DA:129,3
DA:134,3
DA:136,4
DA:137,1
DA:142,4
DA:144,4
DA:145,4
DA:146,13
DA:147,13
DA:148,4
DA:149,4
DA:150,4
DA:153,10
DA:154,2
DA:157,7
DA:158,3
DA:163,1
DA:165,2
DA:166,1
DA:171,1
DA:173,2
DA:174,1
DA:175,1
DA:181,4
DA:183,12
DA:185,2
DA:187,4
DA:188,2
DA:189,2
DA:190,2
DA:194,4
DA:198,2
DA:206,4
DA:207,8
DA:208,4
DA:219,3
DA:220,3
DA:223,2
LF:76
LH:76
end_of_record
SF:lib/components/component.dart
DA:12,7
DA:24,6
DA:25,6
DA:29,6
DA:31,12
DA:35,3
DA:37,6
DA:40,6
DA:42,11
DA:43,5
DA:47,1
DA:49,0
DA:51,0
DA:59,6
DA:62,3
DA:63,3
DA:69,0
DA:70,0
DA:71,0
DA:82,6
DA:93,6
DA:96,0
DA:106,5
DA:107,5
DA:108,10
DA:113,10
DA:114,5
DA:117,5
DA:119,7
DA:120,4
DA:128,0
DA:129,0
DA:132,2
DA:136,4
DA:139,4
DA:142,6
DA:148,0
DA:149,0
DA:155,0
DA:156,0
DA:159,0
DA:161,0
DA:164,4
DA:166,8
LF:44
LH:30
end_of_record
SF:lib/utilities/analyzer.dart
DA:5,1
DA:15,1
DA:19,1
DA:20,3
DA:21,3
DA:24,1
DA:26,2
DA:29,0
DA:31,0
DA:37,1
DA:49,0
DA:53,0
DA:54,0
DA:55,0
DA:56,0
DA:57,0
DA:60,1
DA:62,4
DA:67,1
DA:72,3
DA:74,8
DA:78,1
DA:94,0
DA:98,0
DA:99,0
DA:100,0
DA:101,0
DA:102,0
DA:103,0
DA:104,0
DA:109,1
DA:118,1
DA:119,2
DA:120,4
DA:121,3
DA:122,1
DA:126,1
DA:127,2
DA:128,4
DA:129,3
DA:130,1
DA:134,1
DA:135,1
DA:138,3
DA:139,1
DA:141,2
DA:142,4
DA:143,1
DA:148,1
DA:149,2
DA:150,2
DA:151,2
DA:152,2
DA:153,1
DA:159,1
DA:160,2
DA:162,0
DA:164,1
DA:167,1
DA:175,1
DA:177,1
DA:179,1
DA:180,0
DA:181,0
DA:182,0
DA:183,0
DA:187,0
DA:191,1
DA:193,2
DA:194,1
DA:195,1
DA:196,1
DA:197,1
DA:202,2
DA:203,1
DA:205,1
DA:206,1
DA:211,1
DA:214,1
DA:218,1
DA:219,1
DA:222,1
DA:224,1
DA:225,1
DA:235,1
DA:236,1
DA:240,1
DA:248,1
DA:249,1
DA:250,1
DA:252,2
DA:253,1
DA:255,1
DA:257,2
DA:258,1
DA:266,1
DA:267,1
DA:268,2
DA:269,1
DA:271,1
DA:272,1
DA:273,1
DA:274,1
DA:279,1
DA:282,1
DA:283,1
DA:286,3
DA:287,2
DA:288,1
DA:292,1
DA:293,1
DA:303,0
DA:304,0
DA:305,0
DA:307,0
DA:308,0
DA:310,0
DA:311,0
DA:313,0
DA:314,0
DA:315,0
DA:317,0
DA:319,0
DA:324,0
DA:325,0
DA:327,0
DA:329,0
DA:330,0
DA:332,0
DA:333,0
DA:335,0
DA:340,0
DA:341,0
DA:343,0
DA:345,0
DA:346,0
DA:348,0
DA:349,0
DA:357,1
DA:358,1
DA:361,1
DA:363,1
DA:364,0
DA:368,1
DA:370,2
DA:371,0
DA:372,0
DA:376,1
DA:378,2
DA:379,1
DA:380,2
DA:381,0
DA:382,0
DA:391,0
DA:392,0
DA:393,0
DA:395,0
DA:397,0
DA:398,0
DA:402,0
DA:403,0
DA:405,0
DA:407,0
DA:408,0
DA:411,0
DA:412,0
DA:414,0
DA:416,0
DA:417,0
DA:419,0
DA:423,0
DA:430,0
DA:431,0
DA:434,0
DA:436,0
DA:437,0
DA:441,0
DA:443,0
DA:444,0
DA:445,0
DA:449,0
DA:450,0
DA:451,0
DA:453,0
DA:454,0
DA:455,0
DA:464,1
DA:465,1
DA:466,1
DA:467,1
DA:468,1
DA:469,1
DA:471,3
DA:472,4
DA:476,3
DA:478,3
DA:480,1
DA:483,3
DA:489,3
DA:492,1
DA:494,2
DA:495,6
DA:497,1
DA:498,0
DA:500,3
DA:504,1
DA:506,1
DA:510,1
DA:511,1
DA:512,2
DA:514,1
DA:515,0
DA:520,3
DA:521,1
DA:523,3
DA:525,4
DA:526,2
DA:529,5
DA:530,5
DA:533,1
DA:534,0
DA:543,0
DA:544,3
DA:545,2
DA:548,3
DA:553,3
DA:558,0
DA:563,1
DA:567,2
DA:568,5
DA:569,5
DA:571,2
DA:573,2
DA:574,2
DA:578,2
DA:579,2
DA:583,2
DA:584,2
DA:588,3
DA:589,1
DA:590,1
DA:592,2
DA:593,1
DA:597,1
DA:598,0
DA:601,1
DA:602,0
DA:605,1
DA:606,0
DA:609,1
DA:610,0
DA:614,1
DA:615,2
DA:616,2
DA:620,1
DA:621,2
DA:625,2
DA:631,3
DA:637,1
DA:638,2
DA:642,2
DA:643,1
DA:645,2
DA:649,1
DA:652,1
DA:653,2
DA:656,2
DA:657,2
DA:658,2
DA:662,0
DA:663,0
DA:665,0
DA:666,0
DA:667,0
DA:668,0
DA:672,0
DA:673,0
DA:675,0
DA:679,0
DA:684,0
DA:686,0
DA:687,0
DA:691,0
DA:692,0
DA:694,0
DA:695,0
DA:697,0
DA:701,0
DA:702,0
DA:704,0
DA:707,0
DA:709,0
DA:710,0
DA:714,0
DA:715,0
DA:717,0
DA:718,0
DA:720,0
DA:724,0
DA:725,0
DA:727,0
DA:730,0
DA:732,0
DA:733,0
LF:304
LH:173
end_of_record
SF:lib/components/logic.dart
DA:5,5
DA:14,0
DA:23,5
DA:24,5
DA:28,0
DA:29,0
DA:32,1
DA:46,1
DA:63,1
DA:80,1
DA:97,1
DA:105,1
DA:119,4
DA:140,2
DA:195,2
DA:207,4
DA:216,2
LF:17
LH:14
end_of_record
SF:lib/widgets/scope.dart
DA:4,2
DA:15,2
DA:17,2
DA:19,2
DA:20,2
DA:23,0
DA:26,2
DA:37,2
DA:39,2
DA:41,2
DA:42,2
DA:43,1
DA:45,4
DA:47,6
DA:48,4
DA:51,4
DA:52,0
DA:55,6
DA:56,4
DA:57,4
DA:61,0
DA:62,0
DA:64,0
DA:65,0
DA:67,0
DA:69,0
DA:70,0
DA:71,0
DA:75,0
DA:77,0
DA:78,0
DA:79,0
DA:81,0
DA:82,0
DA:86,0
DA:89,2
DA:91,2
DA:92,4
DA:93,2
DA:96,2
DA:98,4
LF:41
LH:24
end_of_record
SF:lib/components/context.dart
DA:5,3
DA:33,2
DA:38,2
DA:40,1
DA:41,1
DA:51,2
DA:52,4
DA:53,2
DA:56,4
DA:58,4
DA:64,1
DA:65,1
DA:69,2
DA:70,2
DA:72,6
DA:82,2
DA:85,2
DA:87,8
DA:89,8
DA:107,1
DA:108,2
DA:112,2
DA:114,2
DA:115,4
DA:116,4
DA:117,2
DA:123,2
DA:125,2
DA:126,4
DA:128,4
DA:129,2
DA:132,4
DA:134,6
DA:135,2
DA:138,4
DA:140,2
DA:141,4
DA:142,4
DA:143,2
DA:152,2
DA:153,2
DA:154,2
DA:155,4
DA:156,8
DA:160,2
DA:161,2
DA:162,2
DA:166,2
DA:167,2
DA:168,2
DA:171,2
DA:174,6
DA:176,4
DA:178,4
LF:54
LH:54
end_of_record
SF:lib/components/manager.dart
DA:5,6
DA:17,1
DA:18,4
DA:20,1
DA:24,6
DA:26,6
DA:27,12
DA:29,11
DA:30,5
DA:35,1
DA:37,2
DA:38,1
DA:46,2
DA:47,6
DA:49,2
DA:50,4
DA:51,2
DA:52,2
DA:57,2
DA:58,2
DA:63,3
DA:65,6
DA:66,3
DA:71,3
DA:73,6
DA:74,3
DA:79,1
DA:81,2
DA:82,1
DA:87,1
DA:89,2
DA:90,1
DA:94,4
DA:98,4
DA:99,4
DA:102,8
DA:106,8
DA:107,4
DA:114,3
DA:115,6
DA:116,3
DA:121,2
DA:122,4
DA:133,3
DA:134,3
DA:137,2
LF:46
LH:46
end_of_record
SF:lib/widgets/widget.dart
DA:4,2
DA:6,2
DA:9,2
DA:18,2
DA:20,4
DA:21,4
DA:22,2
DA:23,4
DA:24,4
DA:29,2
DA:31,6
DA:32,4
DA:35,2
DA:38,2
DA:40,4
DA:41,2
DA:44,2
DA:46,6
DA:51,0
DA:61,0
DA:63,0
DA:64,0
DA:65,0
DA:66,0
DA:67,0
DA:72,0
DA:74,0
DA:75,0
DA:78,0
DA:81,0
DA:83,0
DA:84,0
LF:32
LH:18
end_of_record
SF:lib/widgets/builder.dart
DA:4,0
DA:11,0
DA:13,0
LF:3
LH:0
end_of_record
